<?xml version="1.0" encoding="UTF-8"?>
<testsuite xmlns:xsi="http://www.w3.org/2001/XMLSchema-instance" xsi:noNamespaceSchemaLocation="https://maven.apache.org/surefire/maven-surefire-plugin/xsd/surefire-test-report.xsd" name="sentiment.AppTest" time="0.2" tests="1" errors="0" skipped="0" failures="0">
  <properties>
    <property name="sun.desktop" value="gnome"/>
    <property name="awt.toolkit" value="sun.awt.X11.XToolkit"/>
    <property name="file.encoding.pkg" value="sun.io"/>
    <property name="java.specification.version" value="1.8"/>
    <property name="sun.cpu.isalist" value=""/>
    <property name="sun.jnu.encoding" value="UTF-8"/>
    <property name="java.class.path" value="/media/sahibulnf/Data/java_dev/project/sentiment/target/test-classes:/media/sahibulnf/Data/java_dev/project/sentiment/target/classes:/home/sahibulnf/.m2/repository/junit/junit/4.11/junit-4.11.jar:/home/sahibulnf/.m2/repository/org/hamcrest/hamcrest-core/1.3/hamcrest-core-1.3.jar:/home/sahibulnf/.m2/repository/org/apache/storm/storm-client/2.2.0/storm-client-2.2.0.jar:/home/sahibulnf/.m2/repository/org/slf4j/slf4j-api/1.7.26/slf4j-api-1.7.26.jar:/home/sahibulnf/.m2/repository/org/apache/logging/log4j/log4j-api/2.11.2/log4j-api-2.11.2.jar:/home/sahibulnf/.m2/repository/org/apache/logging/log4j/log4j-core/2.11.2/log4j-core-2.11.2.jar:/home/sahibulnf/.m2/repository/org/apache/logging/log4j/log4j-slf4j-impl/2.11.2/log4j-slf4j-impl-2.11.2.jar:/home/sahibulnf/.m2/repository/org/slf4j/log4j-over-slf4j/1.7.26/log4j-over-slf4j-1.7.26.jar:/home/sahibulnf/.m2/repository/org/apache/storm/storm-shaded-deps/2.2.0/storm-shaded-deps-2.2.0.jar:/home/sahibulnf/.m2/repository/com/sun/activation/jakarta.activation/1.2.1/jakarta.activation-1.2.1.jar:/home/sahibulnf/.m2/repository/jakarta/activation/jakarta.activation-api/1.2.1/jakarta.activation-api-1.2.1.jar:/home/sahibulnf/.m2/repository/jakarta/xml/bind/jakarta.xml.bind-api/2.3.2/jakarta.xml.bind-api-2.3.2.jar:/home/sahibulnf/.m2/repository/javax/annotation/javax.annotation-api/1.3.2/javax.annotation-api-1.3.2.jar:/home/sahibulnf/.m2/repository/com/esotericsoftware/kryo/3.0.3/kryo-3.0.3.jar:/home/sahibulnf/.m2/repository/com/esotericsoftware/reflectasm/1.10.1/reflectasm-1.10.1.jar:/home/sahibulnf/.m2/repository/org/ow2/asm/asm/5.0.3/asm-5.0.3.jar:/home/sahibulnf/.m2/repository/com/esotericsoftware/minlog/1.3.0/minlog-1.3.0.jar:/home/sahibulnf/.m2/repository/org/objenesis/objenesis/2.1/objenesis-2.1.jar:/home/sahibulnf/.m2/repository/io/dropwizard/metrics/metrics-core/3.2.6/metrics-core-3.2.6.jar:/home/sahibulnf/.m2/repository/io/dropwizard/metrics/metrics-graphite/3.2.6/metrics-graphite-3.2.6.jar:/home/sahibulnf/.m2/repository/io/dropwizard/metrics/metrics-jvm/3.2.6/metrics-jvm-3.2.6.jar:/home/sahibulnf/.m2/repository/org/apache/storm/storm-server/2.2.0/storm-server-2.2.0.jar:/home/sahibulnf/.m2/repository/org/apache/commons/commons-exec/1.3/commons-exec-1.3.jar:/home/sahibulnf/.m2/repository/org/apache/commons/commons-compress/1.18/commons-compress-1.18.jar:/home/sahibulnf/.m2/repository/org/rocksdb/rocksdbjni/5.18.4/rocksdbjni-5.18.4.jar:/home/sahibulnf/.m2/repository/jline/jline/0.9.94/jline-0.9.94.jar:/home/sahibulnf/.m2/repository/javax/servlet/javax.servlet-api/3.1.0/javax.servlet-api-3.1.0.jar:/home/sahibulnf/.m2/repository/commons-io/commons-io/2.6/commons-io-2.6.jar:/home/sahibulnf/.m2/repository/commons-lang/commons-lang/2.6/commons-lang-2.6.jar:/home/sahibulnf/.m2/repository/commons-collections/commons-collections/3.2.2/commons-collections-3.2.2.jar:/home/sahibulnf/.m2/repository/com/googlecode/json-simple/json-simple/1.1/json-simple-1.1.jar:/home/sahibulnf/.m2/repository/org/yaml/snakeyaml/1.26/snakeyaml-1.26.jar:/home/sahibulnf/.m2/repository/org/apache/httpcomponents/httpclient/4.5.6/httpclient-4.5.6.jar:/home/sahibulnf/.m2/repository/org/apache/httpcomponents/httpcore/4.4.10/httpcore-4.4.10.jar:/home/sahibulnf/.m2/repository/commons-logging/commons-logging/1.2/commons-logging-1.2.jar:/home/sahibulnf/.m2/repository/commons-codec/commons-codec/1.10/commons-codec-1.10.jar:"/>
    <property name="java.vm.vendor" value="Private Build"/>
    <property name="sun.arch.data.model" value="64"/>
    <property name="java.vendor.url" value="http://java.oracle.com/"/>
    <property name="user.timezone" value=""/>
    <property name="java.vm.specification.version" value="1.8"/>
    <property name="os.name" value="Linux"/>
    <property name="user.country" value="US"/>
    <property name="sun.java.launcher" value="SUN_STANDARD"/>
    <property name="sun.boot.library.path" value="/usr/lib/jvm/java-8-openjdk-amd64/jre/lib/amd64"/>
    <property name="sun.java.command" value="/media/sahibulnf/Data/java_dev/project/sentiment/target/surefire/surefirebooter8669580017530879488.jar /media/sahibulnf/Data/java_dev/project/sentiment/target/surefire 2021-07-08T10-53-00_160-jvmRun1 surefire5991851278134736980tmp surefire_01826914022835349545tmp"/>
    <property name="surefire.test.class.path" value="/media/sahibulnf/Data/java_dev/project/sentiment/target/test-classes:/media/sahibulnf/Data/java_dev/project/sentiment/target/classes:/home/sahibulnf/.m2/repository/junit/junit/4.11/junit-4.11.jar:/home/sahibulnf/.m2/repository/org/hamcrest/hamcrest-core/1.3/hamcrest-core-1.3.jar:/home/sahibulnf/.m2/repository/org/apache/storm/storm-client/2.2.0/storm-client-2.2.0.jar:/home/sahibulnf/.m2/repository/org/slf4j/slf4j-api/1.7.26/slf4j-api-1.7.26.jar:/home/sahibulnf/.m2/repository/org/apache/logging/log4j/log4j-api/2.11.2/log4j-api-2.11.2.jar:/home/sahibulnf/.m2/repository/org/apache/logging/log4j/log4j-core/2.11.2/log4j-core-2.11.2.jar:/home/sahibulnf/.m2/repository/org/apache/logging/log4j/log4j-slf4j-impl/2.11.2/log4j-slf4j-impl-2.11.2.jar:/home/sahibulnf/.m2/repository/org/slf4j/log4j-over-slf4j/1.7.26/log4j-over-slf4j-1.7.26.jar:/home/sahibulnf/.m2/repository/org/apache/storm/storm-shaded-deps/2.2.0/storm-shaded-deps-2.2.0.jar:/home/sahibulnf/.m2/repository/com/sun/activation/jakarta.activation/1.2.1/jakarta.activation-1.2.1.jar:/home/sahibulnf/.m2/repository/jakarta/activation/jakarta.activation-api/1.2.1/jakarta.activation-api-1.2.1.jar:/home/sahibulnf/.m2/repository/jakarta/xml/bind/jakarta.xml.bind-api/2.3.2/jakarta.xml.bind-api-2.3.2.jar:/home/sahibulnf/.m2/repository/javax/annotation/javax.annotation-api/1.3.2/javax.annotation-api-1.3.2.jar:/home/sahibulnf/.m2/repository/com/esotericsoftware/kryo/3.0.3/kryo-3.0.3.jar:/home/sahibulnf/.m2/repository/com/esotericsoftware/reflectasm/1.10.1/reflectasm-1.10.1.jar:/home/sahibulnf/.m2/repository/org/ow2/asm/asm/5.0.3/asm-5.0.3.jar:/home/sahibulnf/.m2/repository/com/esotericsoftware/minlog/1.3.0/minlog-1.3.0.jar:/home/sahibulnf/.m2/repository/org/objenesis/objenesis/2.1/objenesis-2.1.jar:/home/sahibulnf/.m2/repository/io/dropwizard/metrics/metrics-core/3.2.6/metrics-core-3.2.6.jar:/home/sahibulnf/.m2/repository/io/dropwizard/metrics/metrics-graphite/3.2.6/metrics-graphite-3.2.6.jar:/home/sahibulnf/.m2/repository/io/dropwizard/metrics/metrics-jvm/3.2.6/metrics-jvm-3.2.6.jar:/home/sahibulnf/.m2/repository/org/apache/storm/storm-server/2.2.0/storm-server-2.2.0.jar:/home/sahibulnf/.m2/repository/org/apache/commons/commons-exec/1.3/commons-exec-1.3.jar:/home/sahibulnf/.m2/repository/org/apache/commons/commons-compress/1.18/commons-compress-1.18.jar:/home/sahibulnf/.m2/repository/org/rocksdb/rocksdbjni/5.18.4/rocksdbjni-5.18.4.jar:/home/sahibulnf/.m2/repository/jline/jline/0.9.94/jline-0.9.94.jar:/home/sahibulnf/.m2/repository/javax/servlet/javax.servlet-api/3.1.0/javax.servlet-api-3.1.0.jar:/home/sahibulnf/.m2/repository/commons-io/commons-io/2.6/commons-io-2.6.jar:/home/sahibulnf/.m2/repository/commons-lang/commons-lang/2.6/commons-lang-2.6.jar:/home/sahibulnf/.m2/repository/commons-collections/commons-collections/3.2.2/commons-collections-3.2.2.jar:/home/sahibulnf/.m2/repository/com/googlecode/json-simple/json-simple/1.1/json-simple-1.1.jar:/home/sahibulnf/.m2/repository/org/yaml/snakeyaml/1.26/snakeyaml-1.26.jar:/home/sahibulnf/.m2/repository/org/apache/httpcomponents/httpclient/4.5.6/httpclient-4.5.6.jar:/home/sahibulnf/.m2/repository/org/apache/httpcomponents/httpcore/4.4.10/httpcore-4.4.10.jar:/home/sahibulnf/.m2/repository/commons-logging/commons-logging/1.2/commons-logging-1.2.jar:/home/sahibulnf/.m2/repository/commons-codec/commons-codec/1.10/commons-codec-1.10.jar:"/>
    <property name="sun.cpu.endian" value="little"/>
    <property name="user.home" value="/home/sahibulnf"/>
    <property name="user.language" value="en"/>
    <property name="java.specification.vendor" value="Oracle Corporation"/>
    <property name="java.home" value="/usr/lib/jvm/java-8-openjdk-amd64/jre"/>
    <property name="basedir" value="/media/sahibulnf/Data/java_dev/project/sentiment"/>
    <property name="file.separator" value="/"/>
    <property name="line.separator" value="&#10;"/>
    <property name="java.vm.specification.vendor" value="Oracle Corporation"/>
    <property name="java.specification.name" value="Java Platform API Specification"/>
    <property name="java.awt.graphicsenv" value="sun.awt.X11GraphicsEnvironment"/>
    <property name="surefire.real.class.path" value="/media/sahibulnf/Data/java_dev/project/sentiment/target/surefire/surefirebooter8669580017530879488.jar"/>
    <property name="sun.boot.class.path" value="/usr/lib/jvm/java-8-openjdk-amd64/jre/lib/resources.jar:/usr/lib/jvm/java-8-openjdk-amd64/jre/lib/rt.jar:/usr/lib/jvm/java-8-openjdk-amd64/jre/lib/sunrsasign.jar:/usr/lib/jvm/java-8-openjdk-amd64/jre/lib/jsse.jar:/usr/lib/jvm/java-8-openjdk-amd64/jre/lib/jce.jar:/usr/lib/jvm/java-8-openjdk-amd64/jre/lib/charsets.jar:/usr/lib/jvm/java-8-openjdk-amd64/jre/lib/jfr.jar:/usr/lib/jvm/java-8-openjdk-amd64/jre/classes"/>
    <property name="sun.management.compiler" value="HotSpot 64-Bit Tiered Compilers"/>
    <property name="java.runtime.version" value="1.8.0_292-8u292-b10-0ubuntu1~20.04-b10"/>
    <property name="user.name" value="sahibulnf"/>
    <property name="path.separator" value=":"/>
    <property name="os.version" value="5.4.0-77-generic"/>
    <property name="java.endorsed.dirs" value="/usr/lib/jvm/java-8-openjdk-amd64/jre/lib/endorsed"/>
    <property name="java.runtime.name" value="OpenJDK Runtime Environment"/>
    <property name="file.encoding" value="UTF-8"/>
    <property name="java.vm.name" value="OpenJDK 64-Bit Server VM"/>
    <property name="localRepository" value="/home/sahibulnf/.m2/repository"/>
    <property name="java.vendor.url.bug" value="http://bugreport.sun.com/bugreport/"/>
    <property name="java.io.tmpdir" value="/tmp"/>
    <property name="java.version" value="1.8.0_292"/>
    <property name="user.dir" value="/media/sahibulnf/Data/java_dev/project/sentiment"/>
    <property name="os.arch" value="amd64"/>
    <property name="java.vm.specification.name" value="Java Virtual Machine Specification"/>
    <property name="java.awt.printerjob" value="sun.print.PSPrinterJob"/>
    <property name="sun.os.patch.level" value="unknown"/>
    <property name="java.library.path" value="/usr/java/packages/lib/amd64:/usr/lib/x86_64-linux-gnu/jni:/lib/x86_64-linux-gnu:/usr/lib/x86_64-linux-gnu:/usr/lib/jni:/lib:/usr/lib"/>
    <property name="java.vm.info" value="mixed mode"/>
    <property name="java.vendor" value="Private Build"/>
    <property name="java.vm.version" value="25.292-b10"/>
    <property name="java.ext.dirs" value="/usr/lib/jvm/java-8-openjdk-amd64/jre/lib/ext:/usr/java/packages/lib/ext"/>
    <property name="sun.io.unicode.encoding" value="UnicodeLittle"/>
    <property name="java.class.version" value="52.0"/>
  </properties>
  <testcase name="shouldAnswerWithTrue" classname="sentiment.AppTest" time="0.005"/>
</testsuite>